0 verbose cli /usr/local/bin/node /usr/local/bin/npm
1 info using npm@10.9.3
2 info using node@v21.7.3
3 silly config load:file:/usr/local/lib/node_modules/npm/npmrc
4 silly config load:file:/home/container/.npmrc
5 silly config load:file:/usr/local/etc/npmrc
6 verbose title npm i nodemon
7 verbose argv "i" "nodemon"
8 verbose logfile logs-max:10 dir:/home/container/.npm/_logs/2025-09-10T21_02_48_979Z-
9 verbose logfile /home/container/.npm/_logs/2025-09-10T21_02_48_979Z-debug-0.log
10 silly logfile done cleaning log files
11 silly packumentCache heap:1228144640 maxSize:307036160 maxEntrySize:153518080
12 silly idealTree buildDeps
13 silly fetch manifest nodemon@*
14 silly packumentCache full:https://registry.npmjs.org/nodemon cache-miss
15 http fetch GET 200 https://registry.npmjs.org/nodemon 233ms (cache miss)
16 silly packumentCache full:https://registry.npmjs.org/nodemon set size:undefined disposed:false
17 silly placeDep ROOT nodemon@3.1.10 OK for: sih-2025@1.0.0 want: *
18 silly fetch manifest touch@^3.1.0
19 silly packumentCache full:https://registry.npmjs.org/touch cache-miss
20 silly fetch manifest semver@^7.5.3
21 silly packumentCache full:https://registry.npmjs.org/semver cache-miss
22 silly fetch manifest chokidar@^3.5.2
23 silly packumentCache full:https://registry.npmjs.org/chokidar cache-miss
24 silly fetch manifest minimatch@^3.1.2
25 silly packumentCache full:https://registry.npmjs.org/minimatch cache-miss
26 silly fetch manifest undefsafe@^2.0.5
27 silly packumentCache full:https://registry.npmjs.org/undefsafe cache-miss
28 silly fetch manifest pstree.remy@^1.1.8
29 silly packumentCache full:https://registry.npmjs.org/pstree.remy cache-miss
30 silly fetch manifest supports-color@^5.5.0
31 silly packumentCache full:https://registry.npmjs.org/supports-color cache-miss
32 silly fetch manifest ignore-by-default@^1.0.1
33 silly packumentCache full:https://registry.npmjs.org/ignore-by-default cache-miss
34 silly fetch manifest simple-update-notifier@^2.0.0
35 silly packumentCache full:https://registry.npmjs.org/simple-update-notifier cache-miss
36 http fetch GET 200 https://registry.npmjs.org/touch 56ms (cache miss)
37 silly packumentCache full:https://registry.npmjs.org/touch set size:undefined disposed:false
38 http fetch GET 200 https://registry.npmjs.org/simple-update-notifier 180ms (cache miss)
39 silly packumentCache full:https://registry.npmjs.org/simple-update-notifier set size:undefined disposed:false
40 http fetch GET 200 https://registry.npmjs.org/ignore-by-default 182ms (cache miss)
41 silly packumentCache full:https://registry.npmjs.org/ignore-by-default set size:undefined disposed:false
42 http fetch GET 200 https://registry.npmjs.org/undefsafe 182ms (cache miss)
43 silly packumentCache full:https://registry.npmjs.org/undefsafe set size:undefined disposed:false
44 http fetch GET 200 https://registry.npmjs.org/pstree.remy 184ms (cache miss)
45 silly packumentCache full:https://registry.npmjs.org/pstree.remy set size:undefined disposed:false
46 http fetch GET 200 https://registry.npmjs.org/semver 186ms (cache miss)
47 silly packumentCache full:https://registry.npmjs.org/semver set size:undefined disposed:false
48 http fetch GET 200 https://registry.npmjs.org/supports-color 188ms (cache miss)
49 silly packumentCache full:https://registry.npmjs.org/supports-color set size:undefined disposed:false
50 http fetch GET 200 https://registry.npmjs.org/chokidar 192ms (cache miss)
51 silly packumentCache full:https://registry.npmjs.org/chokidar set size:undefined disposed:false
52 http fetch GET 200 https://registry.npmjs.org/minimatch 218ms (cache miss)
53 silly packumentCache full:https://registry.npmjs.org/minimatch set size:undefined disposed:false
54 silly placeDep ROOT chokidar@3.6.0 OK for: nodemon@3.1.10 want: ^3.5.2
55 silly placeDep ROOT ignore-by-default@1.0.1 OK for: nodemon@3.1.10 want: ^1.0.1
56 silly placeDep node_modules/nodemon minimatch@3.1.2 OK for: nodemon@3.1.10 want: ^3.1.2
57 silly placeDep ROOT pstree.remy@1.1.8 OK for: nodemon@3.1.10 want: ^1.1.8
58 silly placeDep ROOT semver@7.7.2 OK for: nodemon@3.1.10 want: ^7.5.3
59 silly placeDep ROOT simple-update-notifier@2.0.0 OK for: nodemon@3.1.10 want: ^2.0.0
60 silly placeDep ROOT supports-color@5.5.0 OK for: nodemon@3.1.10 want: ^5.5.0
61 silly placeDep ROOT touch@3.1.1 OK for: nodemon@3.1.10 want: ^3.1.0
62 silly placeDep ROOT undefsafe@2.0.5 OK for: nodemon@3.1.10 want: ^2.0.5
63 silly fetch manifest braces@~3.0.2
64 silly packumentCache full:https://registry.npmjs.org/braces cache-miss
65 silly fetch manifest is-glob@~4.0.1
66 silly packumentCache full:https://registry.npmjs.org/is-glob cache-miss
67 silly fetch manifest anymatch@~3.1.2
68 silly packumentCache full:https://registry.npmjs.org/anymatch cache-miss
69 silly fetch manifest readdirp@~3.6.0
70 silly packumentCache full:https://registry.npmjs.org/readdirp cache-miss
71 silly fetch manifest glob-parent@~5.1.2
72 silly packumentCache full:https://registry.npmjs.org/glob-parent cache-miss
73 silly fetch manifest is-binary-path@~2.1.0
74 silly packumentCache full:https://registry.npmjs.org/is-binary-path cache-miss
75 silly fetch manifest normalize-path@~3.0.0
76 silly packumentCache full:https://registry.npmjs.org/normalize-path cache-miss
77 silly fetch manifest fsevents@~2.3.2
78 silly packumentCache full:https://registry.npmjs.org/fsevents cache-miss
79 silly fetch manifest brace-expansion@^1.1.7
80 silly packumentCache full:https://registry.npmjs.org/brace-expansion cache-miss
81 http fetch GET 200 https://registry.npmjs.org/anymatch 56ms (cache miss)
82 silly packumentCache full:https://registry.npmjs.org/anymatch set size:undefined disposed:false
83 silly fetch manifest has-flag@^3.0.0
84 silly packumentCache full:https://registry.npmjs.org/has-flag cache-miss
85 http fetch GET 200 https://registry.npmjs.org/braces 56ms (cache miss)
86 silly packumentCache full:https://registry.npmjs.org/braces set size:undefined disposed:false
87 http fetch GET 200 https://registry.npmjs.org/is-glob 64ms (cache miss)
88 silly packumentCache full:https://registry.npmjs.org/is-glob set size:undefined disposed:false
89 http fetch GET 200 https://registry.npmjs.org/glob-parent 64ms (cache miss)
90 silly packumentCache full:https://registry.npmjs.org/glob-parent set size:undefined disposed:false
91 http fetch GET 200 https://registry.npmjs.org/brace-expansion 65ms (cache miss)
92 silly packumentCache full:https://registry.npmjs.org/brace-expansion set size:undefined disposed:false
93 http fetch GET 200 https://registry.npmjs.org/readdirp 68ms (cache miss)
94 silly packumentCache full:https://registry.npmjs.org/readdirp set size:undefined disposed:false
95 http fetch GET 200 https://registry.npmjs.org/fsevents 69ms (cache miss)
96 silly packumentCache full:https://registry.npmjs.org/fsevents set size:undefined disposed:false
97 http fetch GET 200 https://registry.npmjs.org/normalize-path 71ms (cache miss)
98 silly packumentCache full:https://registry.npmjs.org/normalize-path set size:undefined disposed:false
99 http fetch GET 200 https://registry.npmjs.org/is-binary-path 72ms (cache miss)
100 silly packumentCache full:https://registry.npmjs.org/is-binary-path set size:undefined disposed:false
101 http fetch GET 200 https://registry.npmjs.org/has-flag 51ms (cache miss)
102 silly packumentCache full:https://registry.npmjs.org/has-flag set size:undefined disposed:false
103 silly placeDep ROOT anymatch@3.1.3 OK for: chokidar@3.6.0 want: ~3.1.2
104 silly placeDep ROOT braces@3.0.3 OK for: chokidar@3.6.0 want: ~3.0.2
105 silly placeDep ROOT fsevents@2.3.3 OK for: chokidar@3.6.0 want: ~2.3.2
106 silly placeDep ROOT glob-parent@5.1.2 OK for: chokidar@3.6.0 want: ~5.1.2
107 silly placeDep ROOT is-binary-path@2.1.0 OK for: chokidar@3.6.0 want: ~2.1.0
108 silly placeDep ROOT is-glob@4.0.3 OK for: chokidar@3.6.0 want: ~4.0.1
109 silly placeDep ROOT normalize-path@3.0.0 OK for: chokidar@3.6.0 want: ~3.0.0
110 silly placeDep ROOT readdirp@3.6.0 OK for: chokidar@3.6.0 want: ~3.6.0
111 silly fetch manifest picomatch@^2.0.4
112 silly packumentCache full:https://registry.npmjs.org/picomatch cache-miss
113 silly fetch manifest normalize-path@^3.0.0
114 silly packumentCache full:https://registry.npmjs.org/normalize-path cache-miss
115 silly fetch manifest fill-range@^7.1.1
116 silly packumentCache full:https://registry.npmjs.org/fill-range cache-miss
117 silly fetch manifest is-glob@^4.0.1
118 silly packumentCache full:https://registry.npmjs.org/is-glob cache-miss
119 silly fetch manifest binary-extensions@^2.0.0
120 silly packumentCache full:https://registry.npmjs.org/binary-extensions cache-miss
121 silly fetch manifest is-extglob@^2.1.1
122 silly packumentCache full:https://registry.npmjs.org/is-extglob cache-miss
123 silly fetch manifest picomatch@^2.2.1
124 silly packumentCache full:https://registry.npmjs.org/picomatch cache-miss
125 http cache https://registry.npmjs.org/normalize-path 5ms (cache hit)
126 silly packumentCache full:https://registry.npmjs.org/normalize-path set size:28713 disposed:false
127 http cache https://registry.npmjs.org/is-glob 5ms (cache hit)
128 silly packumentCache full:https://registry.npmjs.org/is-glob set size:40530 disposed:false
129 http fetch GET 200 https://registry.npmjs.org/binary-extensions 58ms (cache miss)
130 silly packumentCache full:https://registry.npmjs.org/binary-extensions set size:undefined disposed:false
131 http fetch GET 200 https://registry.npmjs.org/picomatch 58ms (cache miss)
132 silly packumentCache full:https://registry.npmjs.org/picomatch set size:undefined disposed:false
133 http fetch GET 200 https://registry.npmjs.org/is-extglob 59ms (cache miss)
134 silly packumentCache full:https://registry.npmjs.org/is-extglob set size:undefined disposed:false
135 http fetch GET 200 https://registry.npmjs.org/picomatch 60ms (cache miss)
136 silly packumentCache full:https://registry.npmjs.org/picomatch set size:undefined disposed:false
137 http fetch GET 200 https://registry.npmjs.org/fill-range 61ms (cache miss)
138 silly packumentCache full:https://registry.npmjs.org/fill-range set size:undefined disposed:false
139 silly placeDep ROOT picomatch@2.3.1 OK for: anymatch@3.1.3 want: ^2.0.4
140 silly placeDep ROOT fill-range@7.1.1 OK for: braces@3.0.3 want: ^7.1.1
141 silly fetch manifest to-regex-range@^5.0.1
142 silly packumentCache full:https://registry.npmjs.org/to-regex-range cache-miss
143 http fetch GET 200 https://registry.npmjs.org/to-regex-range 56ms (cache miss)
144 silly packumentCache full:https://registry.npmjs.org/to-regex-range set size:undefined disposed:false
145 silly placeDep ROOT to-regex-range@5.0.1 OK for: fill-range@7.1.1 want: ^5.0.1
146 silly fetch manifest is-number@^7.0.0
147 silly packumentCache full:https://registry.npmjs.org/is-number cache-miss
148 http fetch GET 200 https://registry.npmjs.org/is-number 57ms (cache miss)
149 silly packumentCache full:https://registry.npmjs.org/is-number set size:undefined disposed:false
150 silly placeDep ROOT binary-extensions@2.3.0 OK for: is-binary-path@2.1.0 want: ^2.0.0
151 silly placeDep ROOT is-extglob@2.1.1 OK for: is-glob@4.0.3 want: ^2.1.1
152 silly placeDep ROOT has-flag@3.0.0 OK for: supports-color@5.5.0 want: ^3.0.0
153 silly placeDep ROOT is-number@7.0.0 OK for: to-regex-range@5.0.1 want: ^7.0.0
154 silly placeDep node_modules/nodemon brace-expansion@1.1.12 OK for: minimatch@3.1.2 want: ^1.1.7
155 silly fetch manifest concat-map@0.0.1
156 silly packumentCache full:https://registry.npmjs.org/concat-map cache-miss
157 http fetch GET 200 https://registry.npmjs.org/concat-map 55ms (cache miss)
158 silly packumentCache full:https://registry.npmjs.org/concat-map set size:undefined disposed:false
159 silly placeDep ROOT concat-map@0.0.1 OK for: brace-expansion@1.1.12 want: 0.0.1
160 silly reify moves {}
161 silly audit bulk request {
161 silly audit   '@mongodb-js/saslprep': [ '1.3.0' ],
161 silly audit   '@types/webidl-conversions': [ '7.0.3' ],
161 silly audit   '@types/whatwg-url': [ '11.0.5' ],
161 silly audit   accepts: [ '2.0.0' ],
161 silly audit   async: [ '3.2.6' ],
161 silly audit   asynckit: [ '0.4.0' ],
161 silly audit   axios: [ '1.11.0' ],
161 silly audit   'balanced-match': [ '1.0.2' ],
161 silly audit   'body-parser': [ '2.2.0' ],
161 silly audit   'brace-expansion': [ '2.0.2', '1.1.12' ],
161 silly audit   bson: [ '6.10.4' ],
161 silly audit   bytes: [ '3.1.2' ],
161 silly audit   'call-bind-apply-helpers': [ '1.0.2' ],
161 silly audit   'call-bound': [ '1.0.4' ],
161 silly audit   'combined-stream': [ '1.0.8' ],
161 silly audit   'content-disposition': [ '1.0.0' ],
161 silly audit   'content-type': [ '1.0.5' ],
161 silly audit   cookie: [ '0.7.2' ],
161 silly audit   'cookie-signature': [ '1.2.2' ],
161 silly audit   'csv-parser': [ '3.2.0' ],
161 silly audit   'data-uri-to-buffer': [ '4.0.1' ],
161 silly audit   debug: [ '4.4.1', '3.1.0' ],
161 silly audit   'delayed-stream': [ '1.0.0' ],
161 silly audit   depd: [ '2.0.0' ],
161 silly audit   dotenv: [ '17.2.2' ],
161 silly audit   'dunder-proto': [ '1.0.1' ],
161 silly audit   'ee-first': [ '1.1.1' ],
161 silly audit   ejs: [ '3.1.10' ],
161 silly audit   'ejs-mate': [ '4.0.0' ],
161 silly audit   encodeurl: [ '2.0.0' ],
161 silly audit   'es-define-property': [ '1.0.1' ],
161 silly audit   'es-errors': [ '1.3.0' ],
161 silly audit   'es-object-atoms': [ '1.1.1' ],
161 silly audit   'es-set-tostringtag': [ '2.1.0' ],
161 silly audit   'escape-html': [ '1.0.3' ],
161 silly audit   etag: [ '1.8.1' ],
161 silly audit   express: [ '5.1.0' ],
161 silly audit   'fetch-blob': [ '3.2.0' ],
161 silly audit   filelist: [ '1.0.4' ],
161 silly audit   finalhandler: [ '2.1.0' ],
161 silly audit   'follow-redirects': [ '1.15.11' ],
161 silly audit   'form-data': [ '4.0.4' ],
161 silly audit   'mime-db': [ '1.52.0', '1.54.0' ],
161 silly audit   'mime-types': [ '2.1.35', '3.0.1' ],
161 silly audit   'formdata-polyfill': [ '4.0.10' ],
161 silly audit   forwarded: [ '0.2.0' ],
161 silly audit   fresh: [ '2.0.0' ],
161 silly audit   fs: [ '0.0.1-security' ],
161 silly audit   'fs-extra': [ '11.3.1' ],
161 silly audit   'function-bind': [ '1.1.2' ],
161 silly audit   fuzzball: [ '2.2.3' ],
161 silly audit   'get-intrinsic': [ '1.3.0' ],
161 silly audit   'get-proto': [ '1.0.1' ],
161 silly audit   gopd: [ '1.2.0' ],
161 silly audit   'graceful-fs': [ '4.2.11' ],
161 silly audit   gsap: [ '3.13.0' ],
161 silly audit   'has-symbols': [ '1.1.0' ],
161 silly audit   'has-tostringtag': [ '1.0.2' ],
161 silly audit   hasown: [ '2.0.2' ],
161 silly audit   heap: [ '0.2.7' ],
161 silly audit   'http-errors': [ '2.0.0' ],
161 silly audit   statuses: [ '2.0.1', '2.0.2' ],
161 silly audit   'iconv-lite': [ '0.6.3', '0.7.0' ],
161 silly audit   inherits: [ '2.0.4', '2.0.3' ],
161 silly audit   'ipaddr.js': [ '1.9.1' ],
161 silly audit   'is-promise': [ '4.0.0' ],
161 silly audit   jake: [ '10.9.4' ],
161 silly audit   jsonfile: [ '6.2.0' ],
161 silly audit   kareem: [ '2.6.3' ],
161 silly audit   lodash: [ '4.17.21' ],
161 silly audit   'math-intrinsics': [ '1.1.0' ],
161 silly audit   'media-typer': [ '1.1.0' ],
161 silly audit   'memory-pager': [ '1.5.0' ],
161 silly audit   'merge-descriptors': [ '2.0.0' ],
161 silly audit   'method-override': [ '3.0.0' ],
161 silly audit   ms: [ '2.0.0', '2.1.3' ],
161 silly audit   methods: [ '1.1.2' ],
161 silly audit   minimatch: [ '5.1.6', '3.1.2' ],
161 silly audit   mongodb: [ '6.18.0' ],
161 silly audit   'mongodb-connection-string-url': [ '3.0.2' ],
161 silly audit   mongoose: [ '8.18.0' ],
161 silly audit   mpath: [ '0.9.0' ],
161 silly audit   mquery: [ '5.0.0' ],
161 silly audit   negotiator: [ '1.0.0' ],
161 silly audit   'node-domexception': [ '1.0.0' ],
161 silly audit   'node-fetch': [ '3.3.2' ],
161 silly audit   'object-inspect': [ '1.13.4' ],
161 silly audit   'on-finished': [ '2.4.1' ],
161 silly audit   once: [ '1.4.0' ],
161 silly audit   parseurl: [ '1.3.3' ],
161 silly audit   path: [ '0.12.7' ],
161 silly audit   'path-to-regexp': [ '8.3.0' ],
161 silly audit   picocolors: [ '1.1.1' ],
161 silly audit   process: [ '0.11.10' ],
161 silly audit   'proxy-addr': [ '2.0.7' ],
161 silly audit   'proxy-from-env': [ '1.1.0' ],
161 silly audit   punycode: [ '2.3.1' ],
161 silly audit   qs: [ '6.14.0' ],
161 silly audit   'range-parser': [ '1.2.1' ],
161 silly audit   'raw-body': [ '3.0.1' ],
161 silly audit   router: [ '2.2.0' ],
161 silly audit   'safe-buffer': [ '5.2.1' ],
161 silly audit   'safer-buffer': [ '2.1.2' ],
161 silly audit   send: [ '1.2.0' ],
161 silly audit   'serve-static': [ '2.2.0' ],
161 silly audit   setimmediate: [ '1.0.5' ],
161 silly audit   setprototypeof: [ '1.2.0' ],
161 silly audit   'side-channel': [ '1.1.0' ],
161 silly audit   'side-channel-list': [ '1.0.0' ],
161 silly audit   'side-channel-map': [ '1.0.1' ],
161 silly audit   'side-channel-weakmap': [ '1.0.2' ],
161 silly audit   sift: [ '17.1.3' ],
161 silly audit   'sparse-bitfield': [ '3.0.3' ],
161 silly audit   toidentifier: [ '1.0.1' ],
161 silly audit   tr46: [ '5.1.1' ],
161 silly audit   'type-is': [ '2.0.1' ],
161 silly audit   universalify: [ '2.0.1' ],
161 silly audit   unpipe: [ '1.0.0' ],
161 silly audit   util: [ '0.10.4' ],
161 silly audit   vary: [ '1.1.2' ],
161 silly audit   'web-streams-polyfill': [ '3.3.3' ],
161 silly audit   'webidl-conversions': [ '7.0.0' ],
161 silly audit   'whatwg-url': [ '14.2.0' ],
161 silly audit   wrappy: [ '1.0.2' ],
161 silly audit   nodemon: [ '3.1.10' ],
161 silly audit   chokidar: [ '3.6.0' ],
161 silly audit   'ignore-by-default': [ '1.0.1' ],
161 silly audit   'pstree.remy': [ '1.1.8' ],
161 silly audit   semver: [ '7.7.2' ],
161 silly audit   'simple-update-notifier': [ '2.0.0' ],
161 silly audit   'supports-color': [ '5.5.0' ],
161 silly audit   touch: [ '3.1.1' ],
161 silly audit   undefsafe: [ '2.0.5' ],
161 silly audit   anymatch: [ '3.1.3' ],
161 silly audit   braces: [ '3.0.3' ],
161 silly audit   fsevents: [ '2.3.3' ],
161 silly audit   'glob-parent': [ '5.1.2' ],
161 silly audit   'is-binary-path': [ '2.1.0' ],
161 silly audit   'is-glob': [ '4.0.3' ],
161 silly audit   'normalize-path': [ '3.0.0' ],
161 silly audit   readdirp: [ '3.6.0' ],
161 silly audit   picomatch: [ '2.3.1' ],
161 silly audit   'fill-range': [ '7.1.1' ],
161 silly audit   'to-regex-range': [ '5.0.1' ],
161 silly audit   'binary-extensions': [ '2.3.0' ],
161 silly audit   'is-extglob': [ '2.1.1' ],
161 silly audit   'has-flag': [ '3.0.0' ],
161 silly audit   'is-number': [ '7.0.0' ],
161 silly audit   'concat-map': [ '0.0.1' ]
161 silly audit }
162 verbose reify failed optional dependency /home/container/node_modules/fsevents
163 silly reify mark deleted [ '/home/container/node_modules/fsevents' ]
164 http cache concat-map@https://registry.npmjs.org/concat-map/-/concat-map-0.0.1.tgz 0ms (cache hit)
165 http cache is-extglob@https://registry.npmjs.org/is-extglob/-/is-extglob-2.1.1.tgz 0ms (cache hit)
166 http cache has-flag@https://registry.npmjs.org/has-flag/-/has-flag-3.0.0.tgz 0ms (cache hit)
167 http cache is-number@https://registry.npmjs.org/is-number/-/is-number-7.0.0.tgz 0ms (cache hit)
168 http cache binary-extensions@https://registry.npmjs.org/binary-extensions/-/binary-extensions-2.3.0.tgz 0ms (cache hit)
169 http cache fill-range@https://registry.npmjs.org/fill-range/-/fill-range-7.1.1.tgz 0ms (cache hit)
170 http cache picomatch@https://registry.npmjs.org/picomatch/-/picomatch-2.3.1.tgz 0ms (cache hit)
171 http cache to-regex-range@https://registry.npmjs.org/to-regex-range/-/to-regex-range-5.0.1.tgz 0ms (cache hit)
172 http cache readdirp@https://registry.npmjs.org/readdirp/-/readdirp-3.6.0.tgz 0ms (cache hit)
173 http cache normalize-path@https://registry.npmjs.org/normalize-path/-/normalize-path-3.0.0.tgz 0ms (cache hit)
174 http cache is-glob@https://registry.npmjs.org/is-glob/-/is-glob-4.0.3.tgz 0ms (cache hit)
175 http cache glob-parent@https://registry.npmjs.org/glob-parent/-/glob-parent-5.1.2.tgz 0ms (cache hit)
176 http cache is-binary-path@https://registry.npmjs.org/is-binary-path/-/is-binary-path-2.1.0.tgz 0ms (cache hit)
177 http cache braces@https://registry.npmjs.org/braces/-/braces-3.0.3.tgz 0ms (cache hit)
178 http cache undefsafe@https://registry.npmjs.org/undefsafe/-/undefsafe-2.0.5.tgz 0ms (cache hit)
179 http cache anymatch@https://registry.npmjs.org/anymatch/-/anymatch-3.1.3.tgz 0ms (cache hit)
180 http cache touch@https://registry.npmjs.org/touch/-/touch-3.1.1.tgz 0ms (cache hit)
181 http cache supports-color@https://registry.npmjs.org/supports-color/-/supports-color-5.5.0.tgz 0ms (cache hit)
182 http cache simple-update-notifier@https://registry.npmjs.org/simple-update-notifier/-/simple-update-notifier-2.0.0.tgz 0ms (cache hit)
183 http cache semver@https://registry.npmjs.org/semver/-/semver-7.7.2.tgz 0ms (cache hit)
184 http cache chokidar@https://registry.npmjs.org/chokidar/-/chokidar-3.6.0.tgz 0ms (cache hit)
185 http cache pstree.remy@https://registry.npmjs.org/pstree.remy/-/pstree.remy-1.1.8.tgz 0ms (cache hit)
186 http cache ignore-by-default@https://registry.npmjs.org/ignore-by-default/-/ignore-by-default-1.0.1.tgz 0ms (cache hit)
187 http cache nodemon@https://registry.npmjs.org/nodemon/-/nodemon-3.1.10.tgz 0ms (cache hit)
188 http cache brace-expansion@https://registry.npmjs.org/brace-expansion/-/brace-expansion-1.1.12.tgz 0ms (cache hit)
189 http cache minimatch@https://registry.npmjs.org/minimatch/-/minimatch-3.1.2.tgz 0ms (cache hit)
190 silly tarball no local data for concat-map@https://registry.npmjs.org/concat-map/-/concat-map-0.0.1.tgz. Extracting by manifest.
191 silly tarball no local data for is-extglob@https://registry.npmjs.org/is-extglob/-/is-extglob-2.1.1.tgz. Extracting by manifest.
192 silly tarball no local data for has-flag@https://registry.npmjs.org/has-flag/-/has-flag-3.0.0.tgz. Extracting by manifest.
193 silly tarball no local data for is-number@https://registry.npmjs.org/is-number/-/is-number-7.0.0.tgz. Extracting by manifest.
194 silly tarball no local data for binary-extensions@https://registry.npmjs.org/binary-extensions/-/binary-extensions-2.3.0.tgz. Extracting by manifest.
195 silly tarball no local data for fill-range@https://registry.npmjs.org/fill-range/-/fill-range-7.1.1.tgz. Extracting by manifest.
196 silly tarball no local data for picomatch@https://registry.npmjs.org/picomatch/-/picomatch-2.3.1.tgz. Extracting by manifest.
197 silly tarball no local data for to-regex-range@https://registry.npmjs.org/to-regex-range/-/to-regex-range-5.0.1.tgz. Extracting by manifest.
198 silly tarball no local data for readdirp@https://registry.npmjs.org/readdirp/-/readdirp-3.6.0.tgz. Extracting by manifest.
199 silly tarball no local data for normalize-path@https://registry.npmjs.org/normalize-path/-/normalize-path-3.0.0.tgz. Extracting by manifest.
200 silly tarball no local data for is-glob@https://registry.npmjs.org/is-glob/-/is-glob-4.0.3.tgz. Extracting by manifest.
201 silly tarball no local data for glob-parent@https://registry.npmjs.org/glob-parent/-/glob-parent-5.1.2.tgz. Extracting by manifest.
202 silly tarball no local data for is-binary-path@https://registry.npmjs.org/is-binary-path/-/is-binary-path-2.1.0.tgz. Extracting by manifest.
203 silly tarball no local data for braces@https://registry.npmjs.org/braces/-/braces-3.0.3.tgz. Extracting by manifest.
204 silly tarball no local data for undefsafe@https://registry.npmjs.org/undefsafe/-/undefsafe-2.0.5.tgz. Extracting by manifest.
205 silly tarball no local data for anymatch@https://registry.npmjs.org/anymatch/-/anymatch-3.1.3.tgz. Extracting by manifest.
206 silly tarball no local data for touch@https://registry.npmjs.org/touch/-/touch-3.1.1.tgz. Extracting by manifest.
207 silly tarball no local data for supports-color@https://registry.npmjs.org/supports-color/-/supports-color-5.5.0.tgz. Extracting by manifest.
208 silly tarball no local data for simple-update-notifier@https://registry.npmjs.org/simple-update-notifier/-/simple-update-notifier-2.0.0.tgz. Extracting by manifest.
209 silly tarball no local data for semver@https://registry.npmjs.org/semver/-/semver-7.7.2.tgz. Extracting by manifest.
210 silly tarball no local data for chokidar@https://registry.npmjs.org/chokidar/-/chokidar-3.6.0.tgz. Extracting by manifest.
211 silly tarball no local data for pstree.remy@https://registry.npmjs.org/pstree.remy/-/pstree.remy-1.1.8.tgz. Extracting by manifest.
212 silly tarball no local data for ignore-by-default@https://registry.npmjs.org/ignore-by-default/-/ignore-by-default-1.0.1.tgz. Extracting by manifest.
213 silly tarball no local data for nodemon@https://registry.npmjs.org/nodemon/-/nodemon-3.1.10.tgz. Extracting by manifest.
214 silly tarball no local data for brace-expansion@https://registry.npmjs.org/brace-expansion/-/brace-expansion-1.1.12.tgz. Extracting by manifest.
215 silly tarball no local data for minimatch@https://registry.npmjs.org/minimatch/-/minimatch-3.1.2.tgz. Extracting by manifest.
216 http fetch GET 200 https://registry.npmjs.org/has-flag/-/has-flag-3.0.0.tgz 75ms (cache miss)
217 http fetch GET 200 https://registry.npmjs.org/is-extglob/-/is-extglob-2.1.1.tgz 75ms (cache miss)
218 http fetch GET 200 https://registry.npmjs.org/binary-extensions/-/binary-extensions-2.3.0.tgz 75ms (cache miss)
219 http fetch GET 200 https://registry.npmjs.org/fill-range/-/fill-range-7.1.1.tgz 75ms (cache miss)
220 http fetch GET 200 https://registry.npmjs.org/is-number/-/is-number-7.0.0.tgz 76ms (cache miss)
221 http fetch GET 200 https://registry.npmjs.org/concat-map/-/concat-map-0.0.1.tgz 77ms (cache miss)
222 http fetch GET 200 https://registry.npmjs.org/to-regex-range/-/to-regex-range-5.0.1.tgz 75ms (cache miss)
223 http fetch GET 200 https://registry.npmjs.org/picomatch/-/picomatch-2.3.1.tgz 77ms (cache miss)
224 http fetch GET 200 https://registry.npmjs.org/undefsafe/-/undefsafe-2.0.5.tgz 111ms (cache miss)
225 http fetch GET 200 https://registry.npmjs.org/touch/-/touch-3.1.1.tgz 120ms (cache miss)
226 http fetch GET 200 https://registry.npmjs.org/pstree.remy/-/pstree.remy-1.1.8.tgz 121ms (cache miss)
227 http fetch GET 200 https://registry.npmjs.org/anymatch/-/anymatch-3.1.3.tgz 123ms (cache miss)
228 http fetch GET 200 https://registry.npmjs.org/simple-update-notifier/-/simple-update-notifier-2.0.0.tgz 123ms (cache miss)
229 http fetch GET 200 https://registry.npmjs.org/supports-color/-/supports-color-5.5.0.tgz 131ms (cache miss)
230 http fetch GET 200 https://registry.npmjs.org/chokidar/-/chokidar-3.6.0.tgz 133ms (cache miss)
231 http fetch GET 200 https://registry.npmjs.org/semver/-/semver-7.7.2.tgz 135ms (cache miss)
232 http fetch GET 200 https://registry.npmjs.org/ignore-by-default/-/ignore-by-default-1.0.1.tgz 169ms (cache miss)
233 http fetch GET 200 https://registry.npmjs.org/is-glob/-/is-glob-4.0.3.tgz 173ms (cache miss)
234 http fetch GET 200 https://registry.npmjs.org/brace-expansion/-/brace-expansion-1.1.12.tgz 172ms (cache miss)
235 http fetch GET 200 https://registry.npmjs.org/is-binary-path/-/is-binary-path-2.1.0.tgz 176ms (cache miss)
236 http fetch GET 200 https://registry.npmjs.org/glob-parent/-/glob-parent-5.1.2.tgz 176ms (cache miss)
237 http fetch GET 200 https://registry.npmjs.org/minimatch/-/minimatch-3.1.2.tgz 175ms (cache miss)
238 http fetch GET 200 https://registry.npmjs.org/readdirp/-/readdirp-3.6.0.tgz 178ms (cache miss)
239 http fetch GET 200 https://registry.npmjs.org/normalize-path/-/normalize-path-3.0.0.tgz 178ms (cache miss)
240 http fetch GET 200 https://registry.npmjs.org/braces/-/braces-3.0.3.tgz 180ms (cache miss)
241 http fetch GET 200 https://registry.npmjs.org/nodemon/-/nodemon-3.1.10.tgz 179ms (cache miss)
242 http fetch POST 200 https://registry.npmjs.org/-/npm/v1/security/advisories/bulk 308ms
243 silly audit report {}
244 silly ADD node_modules/concat-map
245 silly ADD node_modules/is-number
246 silly ADD node_modules/has-flag
247 silly ADD node_modules/is-extglob
248 silly ADD node_modules/binary-extensions
249 silly ADD node_modules/to-regex-range
250 silly ADD node_modules/fill-range
251 silly ADD node_modules/picomatch
252 silly ADD node_modules/readdirp
253 silly ADD node_modules/normalize-path
254 silly ADD node_modules/is-glob
255 silly ADD node_modules/is-binary-path
256 silly ADD node_modules/glob-parent
257 silly ADD
258 silly ADD node_modules/braces
259 silly ADD node_modules/anymatch
260 silly ADD node_modules/undefsafe
261 silly ADD node_modules/touch
262 silly ADD node_modules/supports-color
263 silly ADD node_modules/simple-update-notifier
264 silly ADD node_modules/semver
265 silly ADD node_modules/pstree.remy
266 silly ADD node_modules/ignore-by-default
267 silly ADD node_modules/chokidar
268 silly ADD node_modules/nodemon
269 silly ADD node_modules/nodemon/node_modules/brace-expansion
270 silly ADD node_modules/nodemon/node_modules/minimatch
271 verbose cwd /home/container
272 verbose os Linux 6.8.12-13-pve
273 verbose node v21.7.3
274 verbose npm  v10.9.3
275 verbose exit 0
276 info ok
