0 verbose cli /usr/local/bin/node /usr/local/bin/npm
1 info using npm@10.9.3
2 info using node@v21.7.3
3 silly config load:file:/usr/local/lib/node_modules/npm/npmrc
4 silly config load:file:/home/container/.npmrc
5 silly config load:file:/usr/local/etc/npmrc
6 verbose title npm install
7 verbose argv "install"
8 verbose logfile logs-max:10 dir:/home/container/.npm/_logs/2025-09-10T20_42_04_616Z-
9 verbose logfile /home/container/.npm/_logs/2025-09-10T20_42_04_616Z-debug-0.log
10 silly logfile done cleaning log files
11 silly packumentCache heap:1228144640 maxSize:307036160 maxEntrySize:153518080
12 silly idealTree buildDeps
13 silly reify moves {}
14 silly audit bulk request {
14 silly audit   '@mongodb-js/saslprep': [ '1.3.0' ],
14 silly audit   '@types/webidl-conversions': [ '7.0.3' ],
14 silly audit   '@types/whatwg-url': [ '11.0.5' ],
14 silly audit   accepts: [ '2.0.0' ],
14 silly audit   async: [ '3.2.6' ],
14 silly audit   asynckit: [ '0.4.0' ],
14 silly audit   axios: [ '1.11.0' ],
14 silly audit   'balanced-match': [ '1.0.2' ],
14 silly audit   'body-parser': [ '2.2.0' ],
14 silly audit   'brace-expansion': [ '2.0.2' ],
14 silly audit   bson: [ '6.10.4' ],
14 silly audit   bytes: [ '3.1.2' ],
14 silly audit   'call-bind-apply-helpers': [ '1.0.2' ],
14 silly audit   'call-bound': [ '1.0.4' ],
14 silly audit   'combined-stream': [ '1.0.8' ],
14 silly audit   'content-disposition': [ '1.0.0' ],
14 silly audit   'content-type': [ '1.0.5' ],
14 silly audit   cookie: [ '0.7.2' ],
14 silly audit   'cookie-signature': [ '1.2.2' ],
14 silly audit   'csv-parser': [ '3.2.0' ],
14 silly audit   'data-uri-to-buffer': [ '4.0.1' ],
14 silly audit   debug: [ '4.4.1', '3.1.0' ],
14 silly audit   'delayed-stream': [ '1.0.0' ],
14 silly audit   depd: [ '2.0.0' ],
14 silly audit   dotenv: [ '17.2.2' ],
14 silly audit   'dunder-proto': [ '1.0.1' ],
14 silly audit   'ee-first': [ '1.1.1' ],
14 silly audit   ejs: [ '3.1.10' ],
14 silly audit   'ejs-mate': [ '4.0.0' ],
14 silly audit   encodeurl: [ '2.0.0' ],
14 silly audit   'es-define-property': [ '1.0.1' ],
14 silly audit   'es-errors': [ '1.3.0' ],
14 silly audit   'es-object-atoms': [ '1.1.1' ],
14 silly audit   'es-set-tostringtag': [ '2.1.0' ],
14 silly audit   'escape-html': [ '1.0.3' ],
14 silly audit   etag: [ '1.8.1' ],
14 silly audit   express: [ '5.1.0' ],
14 silly audit   'fetch-blob': [ '3.2.0' ],
14 silly audit   filelist: [ '1.0.4' ],
14 silly audit   finalhandler: [ '2.1.0' ],
14 silly audit   'follow-redirects': [ '1.15.11' ],
14 silly audit   'form-data': [ '4.0.4' ],
14 silly audit   'mime-db': [ '1.52.0', '1.54.0' ],
14 silly audit   'mime-types': [ '2.1.35', '3.0.1' ],
14 silly audit   'formdata-polyfill': [ '4.0.10' ],
14 silly audit   forwarded: [ '0.2.0' ],
14 silly audit   fresh: [ '2.0.0' ],
14 silly audit   fs: [ '0.0.1-security' ],
14 silly audit   'fs-extra': [ '11.3.1' ],
14 silly audit   'function-bind': [ '1.1.2' ],
14 silly audit   fuzzball: [ '2.2.3' ],
14 silly audit   'get-intrinsic': [ '1.3.0' ],
14 silly audit   'get-proto': [ '1.0.1' ],
14 silly audit   gopd: [ '1.2.0' ],
14 silly audit   'graceful-fs': [ '4.2.11' ],
14 silly audit   gsap: [ '3.13.0' ],
14 silly audit   'has-symbols': [ '1.1.0' ],
14 silly audit   'has-tostringtag': [ '1.0.2' ],
14 silly audit   hasown: [ '2.0.2' ],
14 silly audit   heap: [ '0.2.7' ],
14 silly audit   'http-errors': [ '2.0.0' ],
14 silly audit   statuses: [ '2.0.1', '2.0.2' ],
14 silly audit   'iconv-lite': [ '0.6.3', '0.7.0' ],
14 silly audit   inherits: [ '2.0.4', '2.0.3' ],
14 silly audit   'ipaddr.js': [ '1.9.1' ],
14 silly audit   'is-promise': [ '4.0.0' ],
14 silly audit   jake: [ '10.9.4' ],
14 silly audit   jsonfile: [ '6.2.0' ],
14 silly audit   kareem: [ '2.6.3' ],
14 silly audit   lodash: [ '4.17.21' ],
14 silly audit   'math-intrinsics': [ '1.1.0' ],
14 silly audit   'media-typer': [ '1.1.0' ],
14 silly audit   'memory-pager': [ '1.5.0' ],
14 silly audit   'merge-descriptors': [ '2.0.0' ],
14 silly audit   'method-override': [ '3.0.0' ],
14 silly audit   ms: [ '2.0.0', '2.1.3' ],
14 silly audit   methods: [ '1.1.2' ],
14 silly audit   minimatch: [ '5.1.6' ],
14 silly audit   mongodb: [ '6.18.0' ],
14 silly audit   'mongodb-connection-string-url': [ '3.0.2' ],
14 silly audit   mongoose: [ '8.18.0' ],
14 silly audit   mpath: [ '0.9.0' ],
14 silly audit   mquery: [ '5.0.0' ],
14 silly audit   negotiator: [ '1.0.0' ],
14 silly audit   'node-domexception': [ '1.0.0' ],
14 silly audit   'node-fetch': [ '3.3.2' ],
14 silly audit   'object-inspect': [ '1.13.4' ],
14 silly audit   'on-finished': [ '2.4.1' ],
14 silly audit   once: [ '1.4.0' ],
14 silly audit   parseurl: [ '1.3.3' ],
14 silly audit   path: [ '0.12.7' ],
14 silly audit   'path-to-regexp': [ '8.3.0' ],
14 silly audit   picocolors: [ '1.1.1' ],
14 silly audit   process: [ '0.11.10' ],
14 silly audit   'proxy-addr': [ '2.0.7' ],
14 silly audit   'proxy-from-env': [ '1.1.0' ],
14 silly audit   punycode: [ '2.3.1' ],
14 silly audit   qs: [ '6.14.0' ],
14 silly audit   'range-parser': [ '1.2.1' ],
14 silly audit   'raw-body': [ '3.0.1' ],
14 silly audit   router: [ '2.2.0' ],
14 silly audit   'safe-buffer': [ '5.2.1' ],
14 silly audit   'safer-buffer': [ '2.1.2' ],
14 silly audit   send: [ '1.2.0' ],
14 silly audit   'serve-static': [ '2.2.0' ],
14 silly audit   setimmediate: [ '1.0.5' ],
14 silly audit   setprototypeof: [ '1.2.0' ],
14 silly audit   'side-channel': [ '1.1.0' ],
14 silly audit   'side-channel-list': [ '1.0.0' ],
14 silly audit   'side-channel-map': [ '1.0.1' ],
14 silly audit   'side-channel-weakmap': [ '1.0.2' ],
14 silly audit   sift: [ '17.1.3' ],
14 silly audit   'sparse-bitfield': [ '3.0.3' ],
14 silly audit   toidentifier: [ '1.0.1' ],
14 silly audit   tr46: [ '5.1.1' ],
14 silly audit   'type-is': [ '2.0.1' ],
14 silly audit   universalify: [ '2.0.1' ],
14 silly audit   unpipe: [ '1.0.0' ],
14 silly audit   util: [ '0.10.4' ],
14 silly audit   vary: [ '1.1.2' ],
14 silly audit   'web-streams-polyfill': [ '3.3.3' ],
14 silly audit   'webidl-conversions': [ '7.0.0' ],
14 silly audit   'whatwg-url': [ '14.2.0' ],
14 silly audit   wrappy: [ '1.0.2' ]
14 silly audit }
15 http fetch POST 200 https://registry.npmjs.org/-/npm/v1/security/advisories/bulk 492ms
16 silly audit report {}
17 verbose cwd /home/container
18 verbose os Linux 6.8.12-13-pve
19 verbose node v21.7.3
20 verbose npm  v10.9.3
21 verbose exit 0
22 info ok
